<?xml version="1.0" encoding="UTF-8"?>
<testng-results ignored="0" total="3" passed="3" failed="0" skipped="0">
  <reporter-output>
  </reporter-output>
  <suite started-at="2023-01-23T10:55:31 IST" name="Default suite" finished-at="2023-01-23T10:55:31 IST" duration-ms="63">
    <groups>
    </groups>
    <test started-at="2023-01-23T10:55:31 IST" name="Default test" finished-at="2023-01-23T10:55:31 IST" duration-ms="63">
      <class name="com.Testing.Annotations3">
        <test-method is-config="true" signature="gmailApplicationLaunch()[pri:0, instance:com.Testing.Annotations3@7671cb68]" started-at="2023-01-23T10:55:31 IST" name="gmailApplicationLaunch" finished-at="2023-01-23T10:55:31 IST" duration-ms="7" status="PASS">
          <reporter-output>
          </reporter-output>
        </test-method> <!-- gmailApplicationLaunch -->
        <test-method signature="gmailInBoxTest()[pri:1, instance:com.Testing.Annotations3@7671cb68]" started-at="2023-01-23T10:55:31 IST" name="gmailInBoxTest" finished-at="2023-01-23T10:55:31 IST" duration-ms="5" status="PASS">
          <reporter-output>
          </reporter-output>
        </test-method> <!-- gmailInBoxTest -->
        <test-method is-config="true" signature="gmailApplicattionclose()[pri:0, instance:com.Testing.Annotations3@7671cb68]" started-at="2023-01-23T10:55:31 IST" name="gmailApplicattionclose" finished-at="2023-01-23T10:55:31 IST" duration-ms="0" status="PASS">
          <reporter-output>
          </reporter-output>
        </test-method> <!-- gmailApplicattionclose -->
        <test-method is-config="true" signature="gmailApplicationLaunch()[pri:0, instance:com.Testing.Annotations3@7671cb68]" started-at="2023-01-23T10:55:31 IST" name="gmailApplicationLaunch" finished-at="2023-01-23T10:55:31 IST" duration-ms="1" status="PASS">
          <reporter-output>
          </reporter-output>
        </test-method> <!-- gmailApplicationLaunch -->
        <test-method signature="GmailComposeMailTest()[pri:2, instance:com.Testing.Annotations3@7671cb68]" started-at="2023-01-23T10:55:31 IST" name="GmailComposeMailTest" finished-at="2023-01-23T10:55:31 IST" duration-ms="1" status="PASS">
          <reporter-output>
          </reporter-output>
        </test-method> <!-- GmailComposeMailTest -->
        <test-method is-config="true" signature="gmailApplicattionclose()[pri:0, instance:com.Testing.Annotations3@7671cb68]" started-at="2023-01-23T10:55:31 IST" name="gmailApplicattionclose" finished-at="2023-01-23T10:55:31 IST" duration-ms="0" status="PASS">
          <reporter-output>
          </reporter-output>
        </test-method> <!-- gmailApplicattionclose -->
        <test-method signature="gmailsentMailTest()[pri:3, instance:com.Testing.Annotations3@7671cb68]" started-at="2023-01-23T10:55:31 IST" name="gmailsentMailTest" finished-at="2023-01-23T10:55:31 IST" duration-ms="1" status="PASS">
          <reporter-output>
          </reporter-output>
        </test-method> <!-- gmailsentMailTest -->
        <test-method is-config="true" signature="gmailApplicationLaunch()[pri:0, instance:com.Testing.Annotations3@7671cb68]" started-at="2023-01-23T10:55:31 IST" name="gmailApplicationLaunch" finished-at="2023-01-23T10:55:31 IST" duration-ms="0" status="PASS">
          <reporter-output>
          </reporter-output>
        </test-method> <!-- gmailApplicationLaunch -->
        <test-method is-config="true" signature="gmailApplicattionclose()[pri:0, instance:com.Testing.Annotations3@7671cb68]" started-at="2023-01-23T10:55:31 IST" name="gmailApplicattionclose" finished-at="2023-01-23T10:55:31 IST" duration-ms="1" status="PASS">
          <reporter-output>
          </reporter-output>
        </test-method> <!-- gmailApplicattionclose -->
      </class> <!-- com.Testing.Annotations3 -->
    </test> <!-- Default test -->
  </suite> <!-- Default suite -->
</testng-results>
