<?xml version="1.0" encoding="UTF-8"?>
<!-- Generated by org.testng.reporters.JUnitXMLReporter -->
<testsuite ignored="0" hostname="DESKTOP-29Q37JK" failures="0" tests="6" name="Default test" time="21.047" errors="0" timestamp="2023-01-31T12:07:08 IST">
  <testcase classname="com.OrangeHRMApplicationTestCases.OrangeHRM_AddEmployeeTest" name="loginpageValidationTest" time="0.102"/>
  <testcase classname="com.OrangeHRMApplicationTestCases.OrangeHRM_AddEmployeeTest" name="loginTest" time="2.844"/>
  <testcase classname="com.OrangeHRMApplicationTestCases.OrangeHRM_AddEmployeeTest" name="welcomeAdmin" time="0.086"/>
  <testcase classname="com.OrangeHRMApplicationTestCases.OrangeHRM_AddEmployeeTest" name="PIMTest" time="3.441"/>
  <testcase classname="com.OrangeHRMApplicationTestCases.OrangeHRM_AddEmployeeTest" name="AddemployeeTest" time="4.217"/>
  <testcase classname="com.OrangeHRMApplicationTestCases.OrangeHRM_AddEmployeeTest" name="NewEmployeeTest" time="6.837"/>
</testsuite> <!-- Default test -->
