<?xml version="1.0" encoding="UTF-8"?>
<!-- Generated by org.testng.reporters.JUnitXMLReporter -->
<testsuite ignored="0" hostname="DESKTOP-29Q37JK" failures="0" tests="6" name="OrangeHRMApplication AddEmployee" time="14.786" errors="0" timestamp="2023-01-31T11:17:38 IST">
  <testcase classname="com.OrangeHRMApplicationTestCases.OrangeHRM_AddEmployeeTest" name="loginpageValidationTest" time="0.062"/>
  <testcase classname="com.OrangeHRMApplicationTestCases.OrangeHRM_AddEmployeeTest" name="loginTest" time="2.695"/>
  <testcase classname="com.OrangeHRMApplicationTestCases.OrangeHRM_AddEmployeeTest" name="welcomeAdmin" time="0.104"/>
  <testcase classname="com.OrangeHRMApplicationTestCases.OrangeHRM_AddEmployeeTest" name="PIMTest" time="1.579"/>
  <testcase classname="com.OrangeHRMApplicationTestCases.OrangeHRM_AddEmployeeTest" name="AddemployeeTest" time="0.872"/>
  <testcase classname="com.OrangeHRMApplicationTestCases.OrangeHRM_AddEmployeeTest" name="NewEmployeeTest" time="6.802"/>
</testsuite> <!-- OrangeHRMApplication AddEmployee -->
