<?xml version="1.0" encoding="UTF-8"?>
<!-- Generated by org.testng.reporters.JUnitXMLReporter -->
<testsuite ignored="0" hostname="DESKTOP-29Q37JK" failures="0" tests="3" name="OrangeHRMApplicationLogInTest" time="10.206" errors="0" timestamp="2023-01-31T11:17:23 IST">
  <testcase classname="com.OrangeHRMApplicationTestCases.OrangeHRM_LogINTest" name="OrangeHRMLoginPage" time="1.432"/>
  <testcase classname="com.OrangeHRMApplicationTestCases.OrangeHRM_LogINTest" name="logInTest" time="1.503"/>
  <testcase classname="com.OrangeHRMApplicationTestCases.OrangeHRM_LogINTest" name="logOutTest" time="3.799"/>
</testsuite> <!-- OrangeHRMApplicationLogInTest -->
