<?xml version="1.0" encoding="UTF-8"?>
<!-- Generated by org.testng.reporters.JUnitXMLReporter -->
<testsuite ignored="0" hostname="DESKTOP-29Q37JK" failures="1" tests="2" name="chrome" time="0.106" errors="0" timestamp="2023-02-01T15:58:36 IST">
  <testcase classname="com.Grid.OrangeHRMApplicationLogInTest" name="LoginTest" time="0.009">
    <failure type="java.lang.NullPointerException">
      <![CDATA[java.lang.NullPointerException
at com.Grid.OrangeHRMApplicationLogInTest.LoginTest(OrangeHRMApplicationLogInTest.java:62)
at java.base/java.util.ArrayList.forEach(ArrayList.java:1541)
... Removed 27 stack frames]]>
    </failure>
  </testcase> <!-- LoginTest -->
  <testcase classname="com.Grid.OrangeHRMApplicationLogInTest" name="logInTest" time="0.053"/>
</testsuite> <!-- chrome -->
