<?xml version="1.0" encoding="UTF-8"?>
<!-- Generated by org.testng.reporters.JUnitXMLReporter -->
<testsuite ignored="0" hostname="DESKTOP-29Q37JK" failures="0" tests="2" name="Default test" time="9.962" errors="0" timestamp="2023-02-03T14:02:25 IST">
  <testcase classname="com.OrangeHRMApplicationTestCases.LoginFunctionality" name="ValidatingPageTest" time="1.409"/>
  <testcase classname="com.OrangeHRMApplicationTestCases.LoginFunctionality" name="ValidatingLoginFunctionalityTest" time="0.001"/>
</testsuite> <!-- Default test -->
