<?xml version="1.0" encoding="UTF-8"?>
<!-- Generated by org.testng.reporters.JUnitXMLReporter -->
<testsuite ignored="0" hostname="DESKTOP-29Q37JK" failures="0" tests="3" name="Default test" time="0.063" errors="0" timestamp="2023-01-23T10:55:31 IST">
  <testcase classname="com.Testing.Annotations3" name="gmailInBoxTest" time="0.005"/>
  <testcase classname="com.Testing.Annotations3" name="GmailComposeMailTest" time="0.001"/>
  <testcase classname="com.Testing.Annotations3" name="gmailsentMailTest" time="0.001"/>
</testsuite> <!-- Default test -->
